Arguments: 
  C:\Program Files\nodejs\node.exe C:\Program Files\nodejs\node_modules\yarn\bin\yarn.js install

PATH: 
  C:\Users\h_xiangfeng\Desktop\cmder\bin;C:\Users\h_xiangfeng\Desktop\cmder\vendor\conemu-maximus5\ConEmu\Scripts;C:\Users\h_xiangfeng\Desktop\cmder\vendor\conemu-maximus5;C:\Users\h_xiangfeng\Desktop\cmder\vendor\conemu-maximus5\ConEmu;C:\Program Files (x86)\Common Files\Oracle\Java\javapath;C:\Program Files\Docker\Docker\Resources\bin;C:\Ruby24-x64\bin;C:\ProgramData\Oracle\Java\javapath;C:\WINDOWS\system32;C:\WINDOWS;C:\WINDOWS\System32\Wbem;C:\WINDOWS\System32\WindowsPowerShell\v1.0\;C:\Program Files\Git\cmd;C:\Program Files\Common Files\EMC\;C:\Program Files\TortoiseGit\bin;C:\Users\h_xiangfeng\AppData\Roaming\nvm;C:\Program Files\nodejs;C:\Users\h_xiangfeng\AppData\Local\Microsoft\WindowsApps;C:\Users\h_xiangfeng\AppData\Local\Programs\Microsoft VS Code\bin;C:\Users\h_xiangfeng\AppData\Roaming\nvm;C:\Program Files\nodejs;C:\Users\h_xiangfeng\AppData\Roaming\nvm;C:\Program Files\nodejs;C:\Ruby24-x64\bin;C:\Users\h_xiangfeng\AppData\Local\Microsoft\WindowsApps;C:\Users\h_xiangfeng\AppData\Local\Programs\Microsoft VS Code\bin;C:\Users\h_xiangfeng\AppData\Roaming\nvm;C:\Program Files\nodejs;C:\Program Files\Git\mingw64;C:\Program Files\Git\usr\bin;C:\Users\h_xiangfeng\Desktop\cmder

Yarn version: 
  1.13.0

Node version: 
  11.7.0

Platform: 
  win32 x64

Trace: 
  Error: EPERM: operation not permitted, copyfile 'C:\Users\h_xiangfeng\AppData\Local\Yarn\Cache\v4\npm-lodash-4.17.11-b39ea6229ef607ecd89e2c8df12536891cac9b8d\node_modules\lodash\lodash.js' -> 'C:\xfh-dev\my-recipes\node_modules\lodash\lodash.js'

npm manifest: 
  {
    "name": "my-recipes",
    "version": "1.0.0",
    "main": "index.js",
    "license": "MIT",
    "scripts": {
      "start": "./node_modules/.bin/webpack-dev-server",
      "build": "./node_modules/.bin/webpack",
      "lint": "./node_modules/.bin/eslint ./src/",
      "precommit": "lint-staged"
    },
    "devDependencies": {
      "babel-cli": "^6.26.0",
      "babel-eslint": "^10.0.1",
      "babel-loader": "^7.1.2",
      "babel-preset-env": "^1.7.0",
      "babel-preset-es2015": "^6.24.1",
      "babel-preset-react": "^6.24.1",
      "basscss": "^8.0.10",
      "basscss-background-colors": "^2.1.0",
      "basscss-colors": "^2.2.0",
      "classnames": "^2.2.6",
      "css-loader": "^2.1.0",
      "dotenv": "^6.2.0",
      "eslint": "^5.13.0",
      "eslint-config-airbnb": "^17.1.0",
      "eslint-config-prettier": "^4.0.0",
      "eslint-plugin-import": "^2.16.0",
      "eslint-plugin-jsx-a11y": "^6.2.1",
      "eslint-plugin-react": "^7.12.4",
      "file-loader": "^3.0.1",
      "html-webpack-plugin": "^3.2.0",
      "husky": "^1.3.1",
      "lint-staged": "^8.1.3",
      "postcss": "^7.0.14",
      "postcss-cssnext": "^3.1.0",
      "postcss-import": "^12.0.1",
      "postcss-loader": "^3.0.0",
      "prettier": "^1.16.4",
      "style-loader": "^0.23.1",
      "webpack": "^4.29.1",
      "webpack-cli": "^3.2.1",
      "webpack-dev-server": "^3.1.14"
    },
    "dependencies": {
      "prop-types": "^15.6.2",
      "react": "^16.7.0",
      "react-dom": "^16.7.0",
      "react-router-dom": "^4.3.1",
      "whatwg-fetch": "^3.0.0"
    }
  }

yarn manifest: 
  No manifest

Lockfile: 
  No lockfile
